<?xml version="1.0" encoding="UTF-8"?>
<!-- Generated by org.testng.reporters.JUnitReportReporter -->
<testsuite hostname="DESKTOP-HPNOI30" failures="0" tests="1" name="com.database.testing.StoredProcedureExists" time="1.469" errors="0" timestamp="2024-03-01T17:59:02 IST" skipped="0">
  <testcase classname="com.database.testing.StoredProcedureExists" name="test_get_order_info_by_cust" time="1.469"/>
  <system-out/>
</testsuite> <!-- com.database.testing.StoredProcedureExists -->
