<?xml version="1.0" encoding="UTF-8"?>
<!-- Generated by org.testng.reporters.JUnitReportReporter -->
<testsuite hostname="DESKTOP-HPNOI30" failures="0" tests="1" name="com.database.testing.StoredFunctionTesting" time="1.649" errors="0" timestamp="2024-03-02T13:29:27 IST" skipped="0">
  <testcase classname="com.database.testing.StoredFunctionTesting" name="verifyStoredProcedureWithStoredFunctionAndSqlQuery" time="1.649"/>
  <system-out/>
</testsuite> <!-- com.database.testing.StoredFunctionTesting -->
